# JRE version: OpenJDK Runtime Environment (7.0_79-b14) (build 1.7.0_79-b14)
# Java VM: OpenJDK 64-Bit Server VM (24.79-b02 mixed mode linux-amd64 compressed oops)
Heap
 PSYoungGen      total 72192K, used 51908K [0x00000007d6e00000, 0x00000007e0200000, 0x0000000800000000)
  eden space 61952K, 67% used [0x00000007d6e00000,0x00000007d96bfb60,0x00000007daa80000)
  from space 10240K, 99% used [0x00000007df800000,0x00000007e01f17e0,0x00000007e0200000)
  to   space 13824K, 0% used [0x00000007de700000,0x00000007de700000,0x00000007df480000)
 ParOldGen       total 83968K, used 15051K [0x0000000784a00000, 0x0000000789c00000, 0x00000007d6e00000)
  object space 83968K, 17% used [0x0000000784a00000,0x00000007858b2c20,0x0000000789c00000)
 PSPermGen       total 31744K, used 31246K [0x000000077a400000, 0x000000077c300000, 0x0000000784a00000)
  object space 31744K, 98% used [0x000000077a400000,0x000000077c283ba0,0x000000077c300000)
GC Heap History (10 events):
Event: 6.539 GC heap before
{Heap before GC invocations=4 (full 0):
 PSYoungGen      total 37376K, used 37344K [0x00000007d6e00000, 0x00000007db700000, 0x0000000800000000)
  eden space 32256K, 100% used [0x00000007d6e00000,0x00000007d8d80000,0x00000007d8d80000)
  from space 5120K, 99% used [0x00000007d8d80000,0x00000007d9278020,0x00000007d9280000)
  to   space 5120K, 0% used [0x00000007db200000,0x00000007db200000,0x00000007db700000)
 ParOldGen       total 83968K, used 2396K [0x0000000784a00000, 0x0000000789c00000, 0x00000007d6e00000)
  object space 83968K, 2% used [0x0000000784a00000,0x0000000784c57110,0x0000000789c00000)
 PSPermGen       total 21504K, used 17908K [0x000000077a400000, 0x000000077b900000, 0x0000000784a00000)
  object space 21504K, 83% used [0x000000077a400000,0x000000077b57d220,0x000000077b900000)
Event: 6.551 GC heap after
Heap after GC invocations=4 (full 0):
 PSYoungGen      total 37376K, used 5104K [0x00000007d6e00000, 0x00000007db700000, 0x0000000800000000)
  eden space 32256K, 0% used [0x00000007d6e00000,0x00000007d6e00000,0x00000007d8d80000)
  from space 5120K, 99% used [0x00000007db200000,0x00000007db6fc010,0x00000007db700000)
  to   space 5120K, 0% used [0x00000007d8d80000,0x00000007d8d80000,0x00000007d9280000)
 ParOldGen       total 83968K, used 5288K [0x0000000784a00000, 0x0000000789c00000, 0x00000007d6e00000)
  object space 83968K, 6% used [0x0000000784a00000,0x0000000784f2a1a0,0x0000000789c00000)
 PSPermGen       total 21504K, used 17908K [0x000000077a400000, 0x000000077b900000, 0x0000000784a00000)
  object space 21504K, 83% used [0x000000077a400000,0x000000077b57d220,0x000000077b900000)
}
Event: 7.108 GC heap before
{Heap before GC invocations=5 (full 0):
 PSYoungGen      total 37376K, used 37360K [0x00000007d6e00000, 0x00000007db700000, 0x0000000800000000)
  eden space 32256K, 100% used [0x00000007d6e00000,0x00000007d8d80000,0x00000007d8d80000)
  from space 5120K, 99% used [0x00000007db200000,0x00000007db6fc010,0x00000007db700000)
  to   space 5120K, 0% used [0x00000007d8d80000,0x00000007d8d80000,0x00000007d9280000)
 ParOldGen       total 83968K, used 5288K [0x0000000784a00000, 0x0000000789c00000, 0x00000007d6e00000)
  object space 83968K, 6% used [0x0000000784a00000,0x0000000784f2a1a0,0x0000000789c00000)
 PSPermGen       total 21504K, used 18532K [0x000000077a400000, 0x000000077b900000, 0x0000000784a00000)
  object space 21504K, 86% used [0x000000077a400000,0x000000077b6193e8,0x000000077b900000)
Event: 7.118 GC heap after
Heap after GC invocations=5 (full 0):
 PSYoungGen      total 37376K, used 5120K [0x00000007d6e00000, 0x00000007dbf00000, 0x0000000800000000)
  eden space 32256K, 0% used [0x00000007d6e00000,0x00000007d6e00000,0x00000007d8d80000)
  from space 5120K, 100% used [0x00000007d8d80000,0x00000007d9280000,0x00000007d9280000)
  to   space 9216K, 0% used [0x00000007db600000,0x00000007db600000,0x00000007dbf00000)
 ParOldGen       total 83968K, used 7175K [0x0000000784a00000, 0x0000000789c00000, 0x00000007d6e00000)
  object space 83968K, 8% used [0x0000000784a00000,0x0000000785101f80,0x0000000789c00000)
 PSPermGen       total 21504K, used 18532K [0x000000077a400000, 0x000000077b900000, 0x0000000784a00000)
  object space 21504K, 86% used [0x000000077a400000,0x000000077b6193e8,0x000000077b900000)
}
Event: 7.479 GC heap before
{Heap before GC invocations=6 (full 0):
 PSYoungGen      total 37376K, used 37376K [0x00000007d6e00000, 0x00000007dbf00000, 0x0000000800000000)
  eden space 32256K, 100% used [0x00000007d6e00000,0x00000007d8d80000,0x00000007d8d80000)
  from space 5120K, 100% used [0x00000007d8d80000,0x00000007d9280000,0x00000007d9280000)
  to   space 9216K, 0% used [0x00000007db600000,0x00000007db600000,0x00000007dbf00000)
 ParOldGen       total 83968K, used 7175K [0x0000000784a00000, 0x0000000789c00000, 0x00000007d6e00000)
  object space 83968K, 8% used [0x0000000784a00000,0x0000000785101f80,0x0000000789c00000)
 PSPermGen       total 21504K, used 20142K [0x000000077a400000, 0x000000077b900000, 0x0000000784a00000)
  object space 21504K, 93% used [0x000000077a400000,0x000000077b7abac8,0x000000077b900000)
Event: 7.491 GC heap after
Heap after GC invocations=6 (full 0):
 PSYoungGen      total 73216K, used 7975K [0x00000007d6e00000, 0x00000007dc000000, 0x0000000800000000)
  eden space 64000K, 0% used [0x00000007d6e00000,0x00000007d6e00000,0x00000007dac80000)
  from space 9216K, 86% used [0x00000007db600000,0x00000007dbdc9f70,0x00000007dbf00000)
  to   space 9728K, 0% used [0x00000007dac80000,0x00000007dac80000,0x00000007db600000)
 ParOldGen       total 83968K, used 7175K [0x0000000784a00000, 0x0000000789c00000, 0x00000007d6e00000)
  object space 83968K, 8% used [0x0000000784a00000,0x0000000785101f80,0x0000000789c00000)
 PSPermGen       total 21504K, used 20142K [0x000000077a400000, 0x000000077b900000, 0x0000000784a00000)
  object space 21504K, 93% used [0x000000077a400000,0x000000077b7abac8,0x000000077b900000)
}
Event: 14.815 GC heap before
{Heap before GC invocations=7 (full 0):
 PSYoungGen      total 73216K, used 71975K [0x00000007d6e00000, 0x00000007dc000000, 0x0000000800000000)
  eden space 64000K, 100% used [0x00000007d6e00000,0x00000007dac80000,0x00000007dac80000)
  from space 9216K, 86% used [0x00000007db600000,0x00000007dbdc9f70,0x00000007dbf00000)
  to   space 9728K, 0% used [0x00000007dac80000,0x00000007dac80000,0x00000007db600000)
 ParOldGen       total 83968K, used 7175K [0x0000000784a00000, 0x0000000789c00000, 0x00000007d6e00000)
  object space 83968K, 8% used [0x0000000784a00000,0x0000000785101f80,0x0000000789c00000)
 PSPermGen       total 23552K, used 23175K [0x000000077a400000, 0x000000077bb00000, 0x0000000784a00000)
  object space 23552K, 98% used [0x000000077a400000,0x000000077baa1f68,0x000000077bb00000)
Event: 14.849 GC heap after
Heap after GC invocations=7 (full 0):
 PSYoungGen      total 73728K, used 9701K [0x00000007d6e00000, 0x00000007e0500000, 0x0000000800000000)
  eden space 64000K, 0% used [0x00000007d6e00000,0x00000007d6e00000,0x00000007dac80000)
  from space 9728K, 99% used [0x00000007dac80000,0x00000007db5f96e0,0x00000007db600000)
  to   space 13312K, 0% used [0x00000007df800000,0x00000007df800000,0x00000007e0500000)
 ParOldGen       total 83968K, used 12076K [0x0000000784a00000, 0x0000000789c00000, 0x00000007d6e00000)
  object space 83968K, 14% used [0x0000000784a00000,0x00000007855cb010,0x0000000789c00000)
 PSPermGen       total 23552K, used 23175K [0x000000077a400000, 0x000000077bb00000, 0x0000000784a00000)
  object space 23552K, 98% used [0x000000077a400000,0x000000077baa1f68,0x000000077bb00000)
}
Event: 47.528 GC heap before
{Heap before GC invocations=8 (full 0):
 PSYoungGen      total 73728K, used 73701K [0x00000007d6e00000, 0x00000007e0500000, 0x0000000800000000)
  eden space 64000K, 100% used [0x00000007d6e00000,0x00000007dac80000,0x00000007dac80000)
  from space 9728K, 99% used [0x00000007dac80000,0x00000007db5f96e0,0x00000007db600000)
  to   space 13312K, 0% used [0x00000007df800000,0x00000007df800000,0x00000007e0500000)
 ParOldGen       total 83968K, used 12076K [0x0000000784a00000, 0x0000000789c00000, 0x00000007d6e00000)
  object space 83968K, 14% used [0x0000000784a00000,0x00000007855cb010,0x0000000789c00000)
 PSPermGen       total 26624K, used 26258K [0x000000077a400000, 0x000000077be00000, 0x0000000784a00000)
  object space 26624K, 98% used [0x000000077a400000,0x000000077bda48d0,0x000000077be00000)
Event: 47.546 GC heap after
Heap after GC invocations=8 (full 0):
 PSYoungGen      total 72192K, used 10181K [0x00000007d6e00000, 0x00000007e0200000, 0x0000000800000000)
  eden space 61952K, 0% used [0x00000007d6e00000,0x00000007d6e00000,0x00000007daa80000)
  from space 10240K, 99% used [0x00000007df800000,0x00000007e01f17e0,0x00000007e0200000)
  to   space 13824K, 0% used [0x00000007de700000,0x00000007de700000,0x00000007df480000)
 ParOldGen       total 83968K, used 15051K [0x0000000784a00000, 0x0000000789c00000, 0x00000007d6e00000)
  object space 83968K, 17% used [0x0000000784a00000,0x00000007858b2c20,0x0000000789c00000)
 PSPermGen       total 26624K, used 26258K [0x000000077a400000, 0x000000077be00000, 0x0000000784a00000)
  object space 26624K, 98% used [0x000000077a400000,0x000000077bda48d0,0x000000077be00000)
}

